<?xml version="1.0" encoding="UTF-8"?>
<!-- Generated by org.testng.reporters.JUnitReportReporter -->
<testsuite hostname="HOME-PC" name="qaclickacademy.AppiumTest" tests="2" failures="0" timestamp="13 May 2019 03:05:11 GMT" time="0.048" errors="0">
  <testcase name="IOSApps" time="0.047" classname="qaclickacademy.AppiumTest"/>
  <testcase name="NativeAPpAndroid" time="0.001" classname="qaclickacademy.AppiumTest"/>
</testsuite> <!-- qaclickacademy.AppiumTest -->
